<?xml version="1.0" encoding="UTF-8"?>
<!-- Generated by org.testng.reporters.JUnitReportReporter -->
<testsuite hostname="pratiksha" failures="0" tests="3" name="Tutorial.Demo1" time="0.014" errors="0" timestamp="2022-04-20T10:22:10 IST" skipped="0">
  <testcase classname="Tutorial.Demo1" name="pqr" time="0.003"/>
  <system-out/>
  <testcase classname="Tutorial.Demo1" name="abc" time="0.009"/>
  <system-out/>
  <testcase classname="Tutorial.Demo1" name="xyz" time="0.002"/>
  <system-out/>
</testsuite> <!-- Tutorial.Demo1 -->
