<?xml version="1.0" encoding="UTF-8"?>
<!-- Generated by org.testng.reporters.JUnitReportReporter -->
<testsuite hostname="pratiksha" failures="0" tests="4" name="Tutorial.demo2" time="0.014" errors="0" timestamp="2022-05-30T11:22:28 IST" skipped="0">
  <testcase classname="Tutorial.demo2" name="testa" time="0.010"/>
  <system-out/>
  <testcase classname="Tutorial.demo2" name="testt" time="0.001"/>
  <system-out/>
  <testcase classname="Tutorial.demo2" name="testz" time="0.002"/>
  <system-out/>
  <testcase classname="Tutorial.demo2" name="testb" time="0.001"/>
  <system-out/>
</testsuite> <!-- Tutorial.demo2 -->
